On branch gh-pages
Your branch is up-to-date with 'origin/gh-pages'.

Changes not staged for commit:
  (use "git add <file>..." to update what will be committed)
  (use "git checkout -- <file>..." to discard changes in working directory)

	modified:   doc/manuals/man-broadway.html
	modified:   doc/manuals/man-build-grunt.html
	modified:   doc/manuals/man-configuration.html
	modified:   doc/manuals/man-development.html
	modified:   doc/manuals/man-dropbox.html
	modified:   doc/manuals/man-google-api.html
	modified:   doc/manuals/man-install.html
	modified:   doc/manuals/man-mountpoints.html
	modified:   doc/manuals/man-multiuser.html
	modified:   doc/manuals/man-windows-live-api.html
	modified:   doc/manuals/man-zip.html
	modified:   doc/tutorials/application-with-server-api.html
	modified:   doc/tutorials/create-application-continued.html
	modified:   doc/tutorials/create-application.html
	modified:   doc/tutorials/create-extension.html
	modified:   doc/tutorials/create-service.html
	modified:   doc/tutorials/create-theme.html
	modified:   doc/tutorials/extend-client-api.html
	modified:   doc/tutorials/extend-server-api.html
	modified:   doc/tutorials/iframe-application.html
	modified:   doc/tutorials/using-curl.html
	modified:   doc/tutorials/using-vfs.html
	modified:   git-status.log

no changes added to commit (use "git add" and/or "git commit -a")
